::1 - - [25/Sep/2022:16:38:37 +0100] "GET / HTTP/1.1" 200 46
::1 - - [25/Sep/2022:16:38:37 +0100] "GET /favicon.ico HTTP/1.1" 404 196
::1 - - [25/Sep/2022:16:39:37 +0100] "-" 408 -
::1 - - [25/Sep/2022:16:44:15 +0100] "GET / HTTP/1.1" 304 -
::1 - - [25/Sep/2022:16:45:15 +0100] "-" 408 -
::1 - - [25/Sep/2022:17:55:14 +0100] "GET /mytest.%20php HTTP/1.1" 404 196
::1 - - [25/Sep/2022:17:58:18 +0100] "GET /index.php HTTP/1.1" 404 196
::1 - - [25/Sep/2022:17:59:18 +0100] "-" 408 -
::1 - - [25/Sep/2022:18:02:01 +0100] "GET /index.php HTTP/1.1" 404 196
::1 - - [25/Sep/2022:18:02:10 +0100] "GET /mytest.php HTTP/1.1" 200 70568
::1 - - [25/Sep/2022:18:03:10 +0100] "-" 408 -
::1 - - [25/Sep/2022:18:03:10 +0100] "GET /mytest.php HTTP/1.1" 200 23
::1 - - [25/Sep/2022:18:04:10 +0100] "-" 408 -
::1 - - [25/Sep/2022:18:21:30 +0100] "GET /mytest.php HTTP/1.1" 200 160
::1 - - [25/Sep/2022:18:22:11 +0100] "GET /mytest.php HTTP/1.1" 200 160
::1 - - [25/Sep/2022:18:22:49 +0100] "GET /mytest.php HTTP/1.1" 200 207
::1 - - [25/Sep/2022:18:23:49 +0100] "-" 408 -
::1 - - [25/Sep/2022:18:29:55 +0100] "GET /mytest.php HTTP/1.1" 200 215
::1 - - [25/Sep/2022:18:30:55 +0100] "-" 408 -
::1 - - [25/Sep/2022:18:38:41 +0100] "GET /mytest.php HTTP/1.1" 200 215
::1 - - [25/Sep/2022:18:38:45 +0100] "GET /mytest.php HTTP/1.1" 200 215
::1 - - [25/Sep/2022:18:38:58 +0100] "GET /mytest.php HTTP/1.1" 200 207
::1 - - [25/Sep/2022:18:39:58 +0100] "-" 408 -
::1 - - [25/Sep/2022:18:40:40 +0100] "GET /mytest.php HTTP/1.1" 200 214
::1 - - [25/Sep/2022:18:41:40 +0100] "-" 408 -
::1 - - [25/Sep/2022:18:44:56 +0100] "GET /mytest.php HTTP/1.1" 200 70807
::1 - - [25/Sep/2022:18:45:56 +0100] "-" 408 -
::1 - - [25/Sep/2022:18:46:52 +0100] "GET /mytest.php HTTP/1.1" 200 14
::1 - - [25/Sep/2022:18:47:52 +0100] "-" 408 -
::1 - - [25/Sep/2022:19:04:40 +0100] "GET /mytest.php HTTP/1.1" 200 160
::1 - - [25/Sep/2022:19:05:00 +0100] "GET /mytest.php HTTP/1.1" 200 207
::1 - - [25/Sep/2022:19:06:00 +0100] "-" 408 -
::1 - - [25/Sep/2022:19:30:40 +0100] "GET /mytest.php HTTP/1.1" 200 207
::1 - - [25/Sep/2022:19:31:40 +0100] "-" 408 -
::1 - - [25/Sep/2022:19:38:59 +0100] "GET /mytest.php HTTP/1.1" 200 207
::1 - - [25/Sep/2022:19:39:59 +0100] "-" 408 -
::1 - - [25/Sep/2022:19:47:42 +0100] "GET /mytest.php HTTP/1.1" 200 358
::1 - - [25/Sep/2022:19:48:42 +0100] "-" 408 -
::1 - - [25/Sep/2022:19:48:43 +0100] "GET /mytest.php HTTP/1.1" 200 354
::1 - - [25/Sep/2022:19:49:43 +0100] "-" 408 -
::1 - - [25/Sep/2022:19:52:55 +0100] "GET /mytest.php HTTP/1.1" 200 28
::1 - - [25/Sep/2022:19:53:55 +0100] "-" 408 -
::1 - - [25/Sep/2022:20:10:58 +0100] "GET /mytest.php HTTP/1.1" 200 24
::1 - - [25/Sep/2022:20:11:58 +0100] "-" 408 -
::1 - - [25/Sep/2022:20:13:53 +0100] "GET /mytest.php HTTP/1.1" 200 53
::1 - - [25/Sep/2022:20:14:53 +0100] "-" 408 -
::1 - - [25/Sep/2022:20:15:53 +0100] "GET /mytest.php HTTP/1.1" 200 317
::1 - - [25/Sep/2022:20:16:53 +0100] "-" 408 -
::1 - - [27/Sep/2022:10:06:46 +0100] "GET /mytest.php HTTP/1.1" 200 317
::1 - - [27/Sep/2022:10:07:46 +0100] "-" 408 -
::1 - - [18/Nov/2022:19:27:35 +0000] "GET /example.php HTTP/1.1" 404 196
::1 - - [18/Nov/2022:19:27:35 +0000] "GET /favicon.ico HTTP/1.1" 404 196
::1 - - [18/Nov/2022:19:27:51 +0000] "GET /demo.php HTTP/1.1" 404 196
::1 - - [18/Nov/2022:19:28:30 +0000] "GET /demoFile.php HTTP/1.1" 404 196
::1 - - [18/Nov/2022:19:28:36 +0000] "GET /demoFile.php HTTP/1.1" 404 196
::1 - - [18/Nov/2022:19:29:36 +0000] "-" 408 -
::1 - - [18/Nov/2022:19:33:21 +0000] "GET / HTTP/1.1" 200 46
::1 - - [18/Nov/2022:19:34:21 +0000] "-" 408 -
::1 - - [18/Nov/2022:19:35:28 +0000] "GET /demoFile.php HTTP/1.1" 200 73
::1 - - [18/Nov/2022:19:36:28 +0000] "-" 408 -
::1 - - [18/Nov/2022:19:37:55 +0000] "GET /demoFile.php HTTP/1.1" 200 73
::1 - - [18/Nov/2022:19:38:55 +0000] "-" 408 -
::1 - - [18/Nov/2022:19:44:29 +0000] "GET /demoFile.php HTTP/1.1" 200 200
::1 - - [18/Nov/2022:19:45:29 +0000] "-" 408 -
::1 - - [18/Nov/2022:19:46:37 +0000] "GET /demoFile.php HTTP/1.1" 200 541
::1 - - [18/Nov/2022:19:47:36 +0000] "GET /demoFile.php HTTP/1.1" 200 222
::1 - - [18/Nov/2022:19:48:36 +0000] "-" 408 -
::1 - - [18/Nov/2022:20:18:47 +0000] "POST /welcome.php HTTP/1.1" 200 194
::1 - - [18/Nov/2022:20:19:47 +0000] "-" 408 -
::1 - - [18/Nov/2022:20:38:16 +0000] "POST /welcome.php HTTP/1.1" 200 212
::1 - - [18/Nov/2022:20:39:16 +0000] "-" 408 -
::1 - - [18/Nov/2022:20:52:38 +0000] "POST /welcome.php HTTP/1.1" 200 145
::1 - - [18/Nov/2022:20:53:36 +0000] "POST /welcome.php HTTP/1.1" 200 145
::1 - - [18/Nov/2022:20:53:44 +0000] "POST /welcome.php HTTP/1.1" 200 145
::1 - - [18/Nov/2022:20:54:44 +0000] "-" 408 -
::1 - - [18/Nov/2022:20:55:15 +0000] "POST /welcome.php HTTP/1.1" 200 143
::1 - - [18/Nov/2022:20:56:15 +0000] "-" 408 -
::1 - - [18/Nov/2022:20:58:52 +0000] "POST /welcome.php HTTP/1.1" 200 569
::1 - - [18/Nov/2022:20:59:52 +0000] "-" 408 -
::1 - - [18/Nov/2022:21:03:02 +0000] "POST /welcome.php HTTP/1.1" 200 569
::1 - - [18/Nov/2022:21:03:09 +0000] "POST /welcome.php HTTP/1.1" 200 569
::1 - - [18/Nov/2022:21:04:09 +0000] "-" 408 -
::1 - - [18/Nov/2022:21:05:44 +0000] "POST /welcome.php HTTP/1.1" 200 569
::1 - - [18/Nov/2022:21:06:44 +0000] "-" 408 -
::1 - - [18/Nov/2022:21:08:26 +0000] "POST /welcome.php HTTP/1.1" 200 574
::1 - - [18/Nov/2022:21:09:10 +0000] "POST /welcome.php HTTP/1.1" 200 574
::1 - - [18/Nov/2022:21:09:50 +0000] "-" 408 -
::1 - - [18/Nov/2022:21:12:36 +0000] "GET /demoFile.php HTTP/1.1" 200 205
::1 - - [18/Nov/2022:21:12:49 +0000] "POST /welcome.php HTTP/1.1" 200 349
::1 - - [18/Nov/2022:21:13:49 +0000] "-" 408 -
::1 - - [18/Nov/2022:21:16:04 +0000] "GET /demoFile.php HTTP/1.1" 200 205
::1 - - [18/Nov/2022:21:16:16 +0000] "POST /welcome.php HTTP/1.1" 200 354
::1 - - [18/Nov/2022:21:17:16 +0000] "-" 408 -
::1 - - [18/Nov/2022:21:31:05 +0000] "GET /demoFile.php HTTP/1.1" 200 205
::1 - - [18/Nov/2022:21:31:19 +0000] "POST /welcome.php HTTP/1.1" 200 458
::1 - - [18/Nov/2022:21:32:19 +0000] "-" 408 -
::1 - - [18/Nov/2022:21:48:31 +0000] "POST /welcome.php HTTP/1.1" 200 84
::1 - - [18/Nov/2022:21:49:31 +0000] "-" 408 -
::1 - - [18/Nov/2022:21:50:29 +0000] "POST /welcome.php HTTP/1.1" 200 474
::1 - - [18/Nov/2022:21:51:29 +0000] "-" 408 -
::1 - - [18/Nov/2022:22:02:01 +0000] "POST /welcome.php HTTP/1.1" 200 474
::1 - - [18/Nov/2022:22:02:37 +0000] "GET /demoFile.php HTTP/1.1" 200 205
::1 - - [18/Nov/2022:22:02:53 +0000] "POST /welcome.php HTTP/1.1" 200 470
::1 - - [18/Nov/2022:22:03:50 +0000] "POST /welcome.php HTTP/1.1" 200 470
::1 - - [18/Nov/2022:22:03:56 +0000] "POST /welcome.php HTTP/1.1" 200 470
::1 - - [18/Nov/2022:22:04:26 +0000] "GET /demoFile.php HTTP/1.1" 200 205
::1 - - [18/Nov/2022:22:04:36 +0000] "POST /welcome.php HTTP/1.1" 200 346
::1 - - [18/Nov/2022:22:05:36 +0000] "-" 408 -
::1 - - [19/Nov/2022:02:57:23 +0000] "GET /demoFile.php HTTP/1.1" 200 205
::1 - - [19/Nov/2022:02:57:32 +0000] "POST /welcome.php HTTP/1.1" 200 144
::1 - - [19/Nov/2022:02:58:32 +0000] "-" 408 -
::1 - - [19/Nov/2022:03:00:22 +0000] "GET /demoFile.php HTTP/1.1" 200 205
::1 - - [19/Nov/2022:03:00:27 +0000] "POST /welcome.php HTTP/1.1" 200 98
::1 - - [19/Nov/2022:03:01:27 +0000] "-" 408 -
::1 - - [19/Nov/2022:03:02:01 +0000] "GET /demoFile.php HTTP/1.1" 200 205
::1 - - [19/Nov/2022:03:02:07 +0000] "POST /welcome.php HTTP/1.1" 200 355
::1 - - [19/Nov/2022:03:03:07 +0000] "-" 408 -
::1 - - [19/Nov/2022:03:07:14 +0000] "GET /demoFile.php HTTP/1.1" 200 205
::1 - - [19/Nov/2022:03:07:18 +0000] "POST /welcome.php HTTP/1.1" 200 98
::1 - - [19/Nov/2022:03:08:14 +0000] "-" 408 -
::1 - - [19/Nov/2022:03:27:54 +0000] "GET /demoFile.php HTTP/1.1" 200 399
::1 - - [19/Nov/2022:03:27:54 +0000] "GET /demoJavaScript.js HTTP/1.1" 200 52
::1 - - [19/Nov/2022:03:28:54 +0000] "-" 408 -
::1 - - [19/Nov/2022:03:57:07 +0000] "GET /demoFile.php HTTP/1.1" 200 415
::1 - - [19/Nov/2022:03:57:07 +0000] "GET /demoJavaScript.js HTTP/1.1" 200 347
::1 - - [19/Nov/2022:03:58:07 +0000] "-" 408 -
::1 - - [19/Nov/2022:03:58:52 +0000] "GET /demoFile.php HTTP/1.1" 200 415
::1 - - [19/Nov/2022:03:58:52 +0000] "GET /demoJavaScript.js HTTP/1.1" 304 -
::1 - - [19/Nov/2022:03:59:52 +0000] "-" 408 -
::1 - - [19/Nov/2022:04:04:46 +0000] "GET /demoFile.php HTTP/1.1" 200 415
::1 - - [19/Nov/2022:04:04:46 +0000] "GET /demoJavaScript.js HTTP/1.1" 200 288
::1 - - [19/Nov/2022:04:04:49 +0000] "GET /retrieveData.php HTTP/1.1" 200 51
::1 - - [19/Nov/2022:04:05:46 +0000] "-" 408 -
::1 - - [19/Nov/2022:04:06:13 +0000] "GET /demoFile.php HTTP/1.1" 200 415
::1 - - [19/Nov/2022:04:06:13 +0000] "GET /demoJavaScript.js HTTP/1.1" 304 -
::1 - - [19/Nov/2022:04:06:16 +0000] "GET /retrieveData.php HTTP/1.1" 200 40
::1 - - [19/Nov/2022:04:07:13 +0000] "-" 408 -
::1 - - [19/Nov/2022:04:08:59 +0000] "GET /demoFile.php HTTP/1.1" 200 415
::1 - - [19/Nov/2022:04:08:59 +0000] "GET /demoJavaScript.js HTTP/1.1" 304 -
::1 - - [19/Nov/2022:04:09:03 +0000] "GET /retrieveData.php HTTP/1.1" 200 62
::1 - - [19/Nov/2022:04:09:59 +0000] "-" 408 -
::1 - - [19/Nov/2022:04:11:14 +0000] "GET /demoFile.php HTTP/1.1" 200 415
::1 - - [19/Nov/2022:04:11:14 +0000] "GET /demoJavaScript.js HTTP/1.1" 304 -
::1 - - [19/Nov/2022:04:11:17 +0000] "GET /retrieveData.php HTTP/1.1" 200 62
::1 - - [19/Nov/2022:04:12:14 +0000] "-" 408 -
::1 - - [19/Nov/2022:04:12:41 +0000] "GET /demoFile.php HTTP/1.1" 200 415
::1 - - [19/Nov/2022:04:12:41 +0000] "GET /demoJavaScript.js HTTP/1.1" 304 -
::1 - - [19/Nov/2022:04:12:44 +0000] "GET /retrieveData.php HTTP/1.1" 200 50
::1 - - [19/Nov/2022:04:13:01 +0000] "GET /demoFile.php HTTP/1.1" 200 415
::1 - - [19/Nov/2022:04:13:35 +0000] "POST /welcome.php HTTP/1.1" 200 110
::1 - - [19/Nov/2022:04:14:30 +0000] "GET /demoFile.php HTTP/1.1" 200 415
::1 - - [19/Nov/2022:04:14:30 +0000] "GET /demoJavaScript.js HTTP/1.1" 304 -
::1 - - [19/Nov/2022:04:14:36 +0000] "GET /retrieveData.php HTTP/1.1" 200 89
::1 - - [19/Nov/2022:04:24:08 +0000] "GET /demoFile.php HTTP/1.1" 200 415
::1 - - [19/Nov/2022:04:24:08 +0000] "GET /demoJavaScript.js HTTP/1.1" 304 -
::1 - - [19/Nov/2022:04:24:11 +0000] "GET /retrieveData.php HTTP/1.1" 200 380
::1 - - [19/Nov/2022:04:25:08 +0000] "-" 408 -
::1 - - [19/Nov/2022:04:27:01 +0000] "GET /demoFile.php HTTP/1.1" 200 415
::1 - - [19/Nov/2022:04:27:01 +0000] "GET /demoJavaScript.js HTTP/1.1" 304 -
::1 - - [19/Nov/2022:04:27:04 +0000] "GET /retrieveData.php HTTP/1.1" 200 159
::1 - - [19/Nov/2022:04:28:01 +0000] "-" 408 -
::1 - - [19/Nov/2022:04:28:53 +0000] "GET /retrieveData.php HTTP/1.1" 200 159
::1 - - [19/Nov/2022:04:28:55 +0000] "GET /demoFile.php HTTP/1.1" 200 415
::1 - - [19/Nov/2022:04:28:59 +0000] "GET /retrieveData.php HTTP/1.1" 200 159
::1 - - [19/Nov/2022:04:29:22 +0000] "GET /demoFile.php HTTP/1.1" 200 415
::1 - - [19/Nov/2022:04:29:22 +0000] "GET /demoJavaScript.js HTTP/1.1" 200 290
::1 - - [19/Nov/2022:04:29:23 +0000] "GET /retrieveData.php HTTP/1.1" 200 159
::1 - - [19/Nov/2022:04:29:37 +0000] "GET /retrieveData.php HTTP/1.1" 200 159
::1 - - [19/Nov/2022:04:29:38 +0000] "GET /retrieveData.php HTTP/1.1" 200 159
::1 - - [19/Nov/2022:04:29:39 +0000] "GET /retrieveData.php HTTP/1.1" 200 159
::1 - - [19/Nov/2022:04:29:39 +0000] "GET /retrieveData.php HTTP/1.1" 200 159
::1 - - [19/Nov/2022:04:30:26 +0000] "GET /retrieveData.php HTTP/1.1" 200 159
::1 - - [19/Nov/2022:04:34:55 +0000] "GET /demoFile.php HTTP/1.1" 200 415
::1 - - [19/Nov/2022:04:34:55 +0000] "GET /demoJavaScript.js HTTP/1.1" 304 -
::1 - - [19/Nov/2022:04:34:56 +0000] "GET /retrieveData.php HTTP/1.1" 200 1096
::1 - - [19/Nov/2022:04:35:55 +0000] "-" 408 -
::1 - - [19/Nov/2022:04:36:12 +0000] "GET /demoFile.php HTTP/1.1" 200 415
::1 - - [19/Nov/2022:04:36:12 +0000] "GET /demoJavaScript.js HTTP/1.1" 304 -
::1 - - [19/Nov/2022:04:36:14 +0000] "GET /retrieveData.php HTTP/1.1" 200 414
::1 - - [19/Nov/2022:04:37:12 +0000] "-" 408 -
::1 - - [19/Nov/2022:04:37:18 +0000] "GET /demoFile.php HTTP/1.1" 200 415
::1 - - [19/Nov/2022:04:37:18 +0000] "GET /demoJavaScript.js HTTP/1.1" 304 -
::1 - - [19/Nov/2022:04:37:20 +0000] "GET /retrieveData.php HTTP/1.1" 200 414
::1 - - [19/Nov/2022:04:38:18 +0000] "-" 408 -
::1 - - [19/Nov/2022:04:38:20 +0000] "GET /demoFile.php HTTP/1.1" 200 415
::1 - - [19/Nov/2022:04:38:20 +0000] "GET /demoJavaScript.js HTTP/1.1" 304 -
::1 - - [19/Nov/2022:04:38:45 +0000] "POST /welcome.php HTTP/1.1" 200 104
::1 - - [19/Nov/2022:04:38:57 +0000] "GET /demoFile.php HTTP/1.1" 200 415
::1 - - [19/Nov/2022:04:39:00 +0000] "GET /retrieveData.php HTTP/1.1" 200 458
::1 - - [19/Nov/2022:04:39:57 +0000] "-" 408 -
::1 - - [21/Nov/2022:06:15:26 +0000] "GET /demoFile.php HTTP/1.1" 200 415
::1 - - [21/Nov/2022:06:15:26 +0000] "GET /demoJavaScript.js HTTP/1.1" 200 290
::1 - - [21/Nov/2022:06:15:26 +0000] "GET /favicon.ico HTTP/1.1" 404 196
::1 - - [21/Nov/2022:06:16:26 +0000] "-" 408 -
::1 - - [21/Nov/2022:06:17:51 +0000] "POST /welcome.php HTTP/1.1" 200 110
::1 - - [21/Nov/2022:06:18:09 +0000] "GET /demoFile.php HTTP/1.1" 200 415
::1 - - [21/Nov/2022:06:18:13 +0000] "GET /retrieveData.php HTTP/1.1" 200 508
::1 - - [21/Nov/2022:06:19:09 +0000] "-" 408 -
::1 - - [21/Nov/2022:08:29:38 +0000] "GET /demoFile.php HTTP/1.1" 200 415
::1 - - [21/Nov/2022:08:30:38 +0000] "-" 408 -
::1 - - [21/Nov/2022:09:17:49 +0000] "GET /retrieveData.php HTTP/1.1" 200 508
::1 - - [21/Nov/2022:09:18:08 +0000] "GET /retrieveData.php HTTP/1.1" 200 508
::1 - - [21/Nov/2022:09:18:13 +0000] "POST /welcome.php HTTP/1.1" 200 103
::1 - - [21/Nov/2022:09:18:23 +0000] "GET /demoFile.php HTTP/1.1" 200 415
::1 - - [21/Nov/2022:09:18:25 +0000] "GET /retrieveData.php HTTP/1.1" 200 551
::1 - - [21/Nov/2022:09:19:23 +0000] "-" 408 -
::1 - - [30/Nov/2022:13:37:53 +0000] "GET /demoFile.php HTTP/1.1" 200 415
::1 - - [30/Nov/2022:13:37:54 +0000] "GET /demoJavaScript.js HTTP/1.1" 200 290
::1 - - [30/Nov/2022:13:37:54 +0000] "GET /favicon.ico HTTP/1.1" 404 196
::1 - - [30/Nov/2022:13:38:00 +0000] "GET /retrieveData.php HTTP/1.1" 200 551
::1 - - [30/Nov/2022:14:29:29 +0000] "GET /demoFile.php HTTP/1.1" 200 415
::1 - - [30/Nov/2022:14:29:53 +0000] "GET /retrieveData.php HTTP/1.1" 200 551
::1 - - [30/Nov/2022:14:43:44 +0000] "GET /demoFile.php HTTP/1.1" 200 415
::1 - - [30/Nov/2022:14:44:09 +0000] "GET /retrieveData.php HTTP/1.1" 200 551
::1 - - [30/Nov/2022:14:44:33 +0000] "GET /demoFile.php HTTP/1.1" 200 415
::1 - - [30/Nov/2022:14:44:57 +0000] "POST /welcome.php HTTP/1.1" 200 108
::1 - - [30/Nov/2022:14:45:09 +0000] "GET /demoFile.php HTTP/1.1" 200 415
::1 - - [30/Nov/2022:14:45:12 +0000] "GET /retrieveData.php HTTP/1.1" 200 599
::1 - - [30/Nov/2022:14:46:09 +0000] "-" 408 -
::1 - - [01/Dec/2022:09:24:35 +0000] "GET /demoFile.php HTTP/1.1" 200 415
::1 - - [01/Dec/2022:09:24:39 +0000] "GET /favicon.ico HTTP/1.1" 404 196
::1 - - [01/Dec/2022:09:25:39 +0000] "-" 408 -
::1 - - [01/Dec/2022:09:30:07 +0000] "GET /retrieveData.php HTTP/1.1" 200 599
::1 - - [07/Dec/2022:05:17:50 +0000] "GET /index.php HTTP/1.1" 404 196
::1 - - [07/Dec/2022:05:17:50 +0000] "GET /favicon.ico HTTP/1.1" 404 196
::1 - - [07/Dec/2022:05:18:50 +0000] "-" 408 -
::1 - - [07/Dec/2022:05:23:16 +0000] "-" 408 -
::1 - - [07/Dec/2022:05:23:16 +0000] "-" 408 -
::1 - - [09/Dec/2022:03:55:12 +0000] "GET /myTestFile.php HTTP/1.1" 200 35
::1 - - [09/Dec/2022:03:55:12 +0000] "GET /favicon.ico HTTP/1.1" 404 196
::1 - - [09/Dec/2022:03:56:12 +0000] "-" 408 -
::1 - - [09/Dec/2022:03:56:37 +0000] "GET /myTestFile.php HTTP/1.1" 200 11
::1 - - [09/Dec/2022:04:00:21 +0000] "GET /demoFile.php HTTP/1.1" 200 415
::1 - - [09/Dec/2022:04:00:21 +0000] "GET /demoJavaScript.js HTTP/1.1" 200 262
::1 - - [09/Dec/2022:04:00:34 +0000] "GET /myTestFile.php HTTP/1.1" 200 11
::1 - - [09/Dec/2022:04:00:34 +0000] "GET /favicon.ico HTTP/1.1" 404 196
::1 - - [09/Dec/2022:04:01:34 +0000] "-" 408 -
::1 - - [09/Dec/2022:04:32:22 +0000] "GET /myTestFile.php HTTP/1.1" 200 11
::1 - - [09/Dec/2022:04:32:22 +0000] "GET /favicon.ico HTTP/1.1" 404 196
::1 - - [09/Dec/2022:04:34:48 +0000] "GET /demoFile.php HTTP/1.1" 200 415
::1 - - [09/Dec/2022:04:34:48 +0000] "GET /demoJavaScript.js HTTP/1.1" 200 262
::1 - - [09/Dec/2022:04:34:48 +0000] "GET /favicon.ico HTTP/1.1" 404 196
::1 - - [09/Dec/2022:04:34:55 +0000] "GET /retrieveData.php HTTP/1.1" 200 599
::1 - - [09/Dec/2022:04:35:19 +0000] "POST /welcome.php HTTP/1.1" 200 98
::1 - - [09/Dec/2022:04:35:24 +0000] "GET /retrieveData.php HTTP/1.1" 200 637
::1 - - [09/Dec/2022:04:36:22 +0000] "POST /welcome.php HTTP/1.1" 200 100
::1 - - [09/Dec/2022:04:36:26 +0000] "GET /retrieveData.php HTTP/1.1" 200 677
::1 - - [09/Dec/2022:04:37:22 +0000] "-" 408 -
::1 - - [09/Dec/2022:04:43:47 +0000] "GET /demoFile.php HTTP/1.1" 200 415
::1 - - [09/Dec/2022:04:43:50 +0000] "GET /retrieveData.php HTTP/1.1" 200 677
::1 - - [09/Dec/2022:04:44:47 +0000] "-" 408 -
::1 - - [09/Dec/2022:04:46:22 +0000] "GET /demoFile.php HTTP/1.1" 200 415
::1 - - [09/Dec/2022:04:46:22 +0000] "GET /favicon.ico HTTP/1.1" 404 196
::1 - - [09/Dec/2022:04:46:24 +0000] "GET /retrieveData.php HTTP/1.1" 200 677
